2015-02-02 16:49:18 : sendMail
2015-02-02 16:49:18 : 
2015-02-02 16:49:18 : 
2015-02-02 16:49:18 : 
2015-02-02 16:49:18 : 
2015-02-02 16:49:18 : 
2015-02-02 16:49:18 : 
2015-02-02 16:49:18 : 
2015-02-02 16:49:20 : sendMail
2015-02-02 16:49:20 : 
2015-02-02 16:49:20 : 
2015-02-02 16:49:20 : 
2015-02-02 16:49:20 : 
2015-02-02 16:49:20 : 
2015-02-02 16:49:20 : 
2015-02-02 16:49:20 : 
2015-02-02 16:49:21 : sendMail
2015-02-02 16:49:21 : 
2015-02-02 16:49:21 : 
2015-02-02 16:49:21 : 
2015-02-02 16:49:21 : 
2015-02-02 16:49:21 : 
2015-02-02 16:49:21 : 
2015-02-02 16:49:21 : 
2015-02-02 16:49:38 : sendMail
2015-02-02 16:49:38 : 
2015-02-02 16:49:38 : 
2015-02-02 16:49:38 : 
2015-02-02 16:49:38 : 
2015-02-02 16:49:38 : 
2015-02-02 16:49:38 : 
2015-02-02 16:49:38 : 
2015-02-02 16:49:42 : sendMail
2015-02-02 16:49:42 : 
2015-02-02 16:49:42 : 
2015-02-02 16:49:42 : 
2015-02-02 16:49:42 : 
2015-02-02 16:49:42 : 
2015-02-02 16:49:42 : 
2015-02-02 16:49:42 : 
2015-02-02 16:52:57 : sendMail
2015-02-02 16:52:57 : 
2015-02-02 16:52:57 : 
2015-02-02 16:52:57 : 
2015-02-02 16:52:57 : 
2015-02-02 16:52:57 : 
2015-02-02 16:52:57 : 
2015-02-02 16:52:57 : 
2015-02-02 16:52:59 : sendMail
2015-02-02 16:52:59 : 
2015-02-02 16:52:59 : 
2015-02-02 16:52:59 : 
2015-02-02 16:52:59 : 
2015-02-02 16:52:59 : 
2015-02-02 16:52:59 : 
2015-02-02 16:52:59 : 
2015-02-02 16:52:59 : sendMail
2015-02-02 16:52:59 : 
2015-02-02 16:52:59 : 
2015-02-02 16:52:59 : 
2015-02-02 16:52:59 : 
2015-02-02 16:52:59 : 
2015-02-02 16:52:59 : 
2015-02-02 16:52:59 : 
2015-02-02 16:53:00 : sendMail
2015-02-02 16:53:00 : 
2015-02-02 16:53:00 : 
2015-02-02 16:53:00 : 
2015-02-02 16:53:00 : 
2015-02-02 16:53:00 : 
2015-02-02 16:53:00 : 
2015-02-02 16:53:00 : 
2015-02-02 16:53:34 : sendMail
2015-02-02 16:53:34 : 
2015-02-02 16:53:34 : 
2015-02-02 16:53:34 : 
2015-02-02 16:53:34 : 
2015-02-02 16:53:34 : 
2015-02-02 16:53:34 : 
2015-02-02 16:53:34 : 
2015-02-02 16:53:41 : sendMail
2015-02-02 16:53:41 : 
2015-02-02 16:53:41 : 
2015-02-02 16:53:41 : 
2015-02-02 16:53:41 : 
2015-02-02 16:53:41 : 
2015-02-02 16:53:41 : 
2015-02-02 16:53:41 : 
2015-02-02 16:54:06 : sendMail
2015-02-02 16:54:06 : 
2015-02-02 16:54:06 : 
2015-02-02 16:54:06 : 
2015-02-02 16:54:06 : 
2015-02-02 16:54:06 : 
2015-02-02 16:54:06 : 
2015-02-02 16:54:06 : 
2015-02-02 16:54:23 : sendMail
2015-02-02 16:54:23 : 
2015-02-02 16:54:23 : 
2015-02-02 16:54:23 : 
2015-02-02 16:54:23 : 
2015-02-02 16:54:23 : 
2015-02-02 16:54:23 : 
2015-02-02 16:54:23 : 
2015-02-02 16:54:25 : sendMail
2015-02-02 16:54:25 : 
2015-02-02 16:54:25 : 
2015-02-02 16:54:25 : 
2015-02-02 16:54:25 : 
2015-02-02 16:54:25 : 
2015-02-02 16:54:25 : 
2015-02-02 16:54:25 : 
2015-02-02 16:54:26 : sendMail
2015-02-02 16:54:26 : 
2015-02-02 16:54:26 : 
2015-02-02 16:54:26 : 
2015-02-02 16:54:26 : 
2015-02-02 16:54:26 : 
2015-02-02 16:54:26 : 
2015-02-02 16:54:26 : 
2015-02-02 16:54:29 : sendMail
2015-02-02 16:54:29 : 
2015-02-02 16:54:29 : 
2015-02-02 16:54:29 : 
2015-02-02 16:54:29 : 
2015-02-02 16:54:29 : 
2015-02-02 16:54:29 : 
2015-02-02 16:54:29 : 
2015-02-02 16:54:29 : sendMail
2015-02-02 16:54:29 : 
2015-02-02 16:54:29 : 
2015-02-02 16:54:29 : 
2015-02-02 16:54:29 : 
2015-02-02 16:54:29 : 
2015-02-02 16:54:29 : 
2015-02-02 16:54:29 : 
2015-02-02 16:54:30 : sendMail
2015-02-02 16:54:30 : 
2015-02-02 16:54:30 : 
2015-02-02 16:54:30 : 
2015-02-02 16:54:30 : 
2015-02-02 16:54:30 : 
2015-02-02 16:54:30 : 
2015-02-02 16:54:30 : 
2015-02-02 16:54:31 : sendMail
2015-02-02 16:54:31 : 
2015-02-02 16:54:31 : 
2015-02-02 16:54:31 : 
2015-02-02 16:54:31 : 
2015-02-02 16:54:31 : 
2015-02-02 16:54:31 : 
2015-02-02 16:54:31 : 
2015-02-02 16:54:31 : sendMail
2015-02-02 16:54:31 : 
2015-02-02 16:54:31 : 
2015-02-02 16:54:31 : 
2015-02-02 16:54:31 : 
2015-02-02 16:54:31 : 
2015-02-02 16:54:31 : 
2015-02-02 16:54:31 : 
2015-02-02 16:55:39 : sendMail
2015-02-02 16:55:39 : 
2015-02-02 16:55:39 : 
2015-02-02 16:55:39 : 
2015-02-02 16:55:39 : 
2015-02-02 16:55:39 : 
2015-02-02 16:55:39 : 
2015-02-02 16:55:39 : 
2015-02-02 16:56:20 : sendMail
2015-02-02 16:56:20 : 
2015-02-02 16:56:20 : 
2015-02-02 16:56:20 : 
2015-02-02 16:56:20 : 
2015-02-02 16:56:20 : 
2015-02-02 16:56:20 : 
2015-02-02 16:56:20 : 
2015-02-02 16:56:31 : sendMail
2015-02-02 16:56:31 : 
2015-02-02 16:56:31 : 
2015-02-02 16:56:31 : 
2015-02-02 16:56:31 : 
2015-02-02 16:56:31 : 
2015-02-02 16:56:31 : 
2015-02-02 16:56:31 : 
2015-02-02 16:57:26 : sendMail
2015-02-02 16:57:26 : 
2015-02-02 16:57:26 : 
2015-02-02 16:57:26 : 
2015-02-02 16:57:26 : 
2015-02-02 16:57:26 : 
2015-02-02 16:57:26 : 
2015-02-02 16:57:26 : 
2015-02-02 16:57:43 : sendMail
2015-02-02 16:57:43 : 
2015-02-02 16:57:43 : 
2015-02-02 16:57:43 : 
2015-02-02 16:57:43 : 
2015-02-02 16:57:43 : 
2015-02-02 16:57:43 : 
2015-02-02 16:57:43 : 
2015-02-02 16:57:51 : sendMail
2015-02-02 16:57:51 : 
2015-02-02 16:57:51 : 
2015-02-02 16:57:51 : 
2015-02-02 16:57:51 : 
2015-02-02 16:57:51 : 
2015-02-02 16:57:51 : 
2015-02-02 16:57:51 : 
2015-02-02 16:58:08 : sendMail
2015-02-02 16:58:08 : 
2015-02-02 16:58:08 : 
2015-02-02 16:58:08 : 
2015-02-02 16:58:08 : 
2015-02-02 16:58:08 : 
2015-02-02 16:58:08 : 
2015-02-02 16:58:08 : 
2015-02-02 17:02:10 : sendMail
2015-02-02 17:02:10 : sddf
2015-02-02 17:02:10 : 
2015-02-02 17:02:10 : 
2015-02-02 17:02:10 : 
2015-02-02 17:02:10 : 
2015-02-02 17:02:10 : 
2015-02-02 17:02:10 : 
2015-02-02 17:02:11 : sendMail
2015-02-02 17:02:11 : sddf
2015-02-02 17:02:11 : 
2015-02-02 17:02:11 : 
2015-02-02 17:02:11 : 
2015-02-02 17:02:11 : 
2015-02-02 17:02:11 : 
2015-02-02 17:02:11 : 
2015-02-02 17:07:08 : sendMail
2015-02-02 17:07:08 : Pascal.T (Carignan de Bordeaux)
2015-02-02 17:07:08 : 
2015-02-02 17:07:08 : 
2015-02-02 17:07:08 : 09990099   poste 56
2015-02-02 17:07:08 : 
2015-02-02 17:07:08 : 
2015-02-02 17:07:08 : 
2015-02-02 17:10:51 : sendMail
2015-02-02 17:10:51 : Pascal.T (Carignan de Bordeaux)
2015-02-02 17:10:51 : 
2015-02-02 17:10:51 : xavier@gonzalez.pm
2015-02-02 17:10:51 : 09990099   poste 56
2015-02-02 17:10:51 : 
2015-02-02 17:10:51 : 
2015-02-02 17:10:51 : 
2015-02-02 17:12:16 : sendMail
2015-02-02 17:12:16 : Pascal.T (Carignan de Bordeaux)
2015-02-02 17:12:16 : 
2015-02-02 17:12:16 : xavier@gonzalez.pm
2015-02-02 17:12:16 : 09990099   poste 56
2015-02-02 17:12:16 : 
2015-02-02 17:12:16 : 33360
2015-02-02 17:13:05 : sendMail
2015-02-02 17:13:05 : Elodie Barreau ( Bouliac)
2015-02-02 17:13:05 : 12h-14h
2015-02-02 17:13:05 : xavier@gonzalez.pm
2015-02-02 17:13:05 : 0672168500
2015-02-02 17:13:05 : SALUT 
2015-02-02 17:13:05 : 33360
2015-02-02 17:14:46 : sendMail
2015-02-02 17:14:46 : fdgdfgdfg
2015-02-02 17:14:46 : 16h-17h
2015-02-02 17:14:46 : xavier@gonzalez.pm
2015-02-02 17:14:46 : 8989898989
2015-02-02 17:14:46 : dfzdfzd  fzfzz df zd fzfd dz zfd
2015-02-02 17:14:46 : 33360
2015-02-02 17:21:33 : sendMail
2015-02-02 17:21:33 : Elodie Barreau ( Bouliac)
2015-02-02 17:21:33 : 
2015-02-02 17:21:33 : xavier@gonzalez.pm
2015-02-02 17:21:33 : 07 98 87 887 87
2015-02-02 17:21:33 : qqd qqds qsd qsdq qdq dq qsd qsd
2015-02-02 17:21:33 : sdfsdfsd
2015-02-02 17:23:32 : sendMail
2015-02-02 17:23:32 : Elodie Barreau ( Bouliac)
2015-02-02 17:23:32 : 14h-15h
2015-02-02 17:23:32 : xavier@gonzalez.pm
2015-02-02 17:23:32 : 90778900
2015-02-02 17:23:32 : wsds sdf s dfs sd fsf sd
2015-02-02 17:23:32 : 55667
2015-02-02 17:27:54 : sendMail
2015-02-02 17:27:54 : Elodie Barreau ( Bouliac)
2015-02-02 17:27:54 : 15h-16h
2015-02-02 17:27:54 : xavier@gonzalez.pm
2015-02-02 17:27:54 : 90778900
2015-02-02 17:27:54 : qdqsdqd
2015-02-02 17:27:54 : 222222
2015-02-02 17:28:41 : sendMail
2015-02-02 17:28:41 : Elodie Barreau ( Bouliac)
2015-02-02 17:28:41 : 11h-12h
2015-02-02 17:28:41 : w@kk.zz
2015-02-02 17:28:41 : 90778900
2015-02-02 17:28:41 : wxcqsq
2015-02-02 17:28:41 : 23233
2015-02-02 17:29:52 : sendMail
2015-02-02 17:29:52 : Elodie Barreau ( Bouliac)
2015-02-02 17:29:52 : 15h-16h
2015-02-02 17:29:52 : xavier@gonzalez.pm
2015-02-02 17:29:52 : 90778900
2015-02-02 17:29:52 : qsqsdq
2015-02-02 17:29:52 : 232223
2015-02-02 17:31:47 : sendMail
2015-02-02 17:31:47 : Pascal.T (Carignan de Bordeaux)
2015-02-02 17:31:47 : 12h-14h
2015-02-02 17:31:47 : xavier@gonzalez.pm
2015-02-02 17:31:47 : 09990099   poste 56
2015-02-02 17:31:47 : fvdvdd f gdfg df dfg dfg dgdf
2015-02-02 17:31:47 : 22343
2015-02-02 18:19:49 : sendMail
2015-02-02 18:19:49 : Pascal.T (Carignan de Bordeaux)
2015-02-02 18:19:49 : 10h-11h
2015-02-02 18:19:49 : xavier@gonzalez.pm
2015-02-02 18:19:49 : 09990099   poste 56
2015-02-02 18:19:49 : Je souhaiterai un devis 
2015-02-02 18:19:49 : 33454
2015-02-02 18:19:49 : Message envoyé ! 
2015-02-02 18:19:49 xxxxxxxxxxxxxxxxxxxxxxxxxxxxxxxxxxxxxxxxxxxx  
2015-02-05 15:26:06 : sendMail
2015-02-05 15:26:06 : Xavier Gonzalez (Latresne)
2015-02-05 15:26:06 : 15h-16h
2015-02-05 15:26:06 : xavier@gonzalez.pm
2015-02-05 15:26:06 : 06 81 73 18 70
2015-02-05 15:26:06 : Bonjour ceci est un message de test 
2015-02-05 15:26:06 : 33360
2015-02-05 15:26:06 : Message envoyé ! 
2015-02-05 15:26:06 xxxxxxxxxxxxxxxxxxxxxxxxxxxxxxxxxxxxxxxxxxxx  
